<?xml version="1.0" encoding="UTF-8"?>
<!-- Generated by org.testng.reporters.JUnitXMLReporter -->
<testsuite ignored="0" hostname="DESKTOP-F4FS68I" failures="1" tests="2" name="Test3" time="75.559" errors="0" timestamp="2024-05-19T15:38:03 IST">
  <testcase classname="Avigma.IPL.Test.WorkOrderCreate" name="CreateWorkOrder" time="75.506"/>
  <testcase classname="Avigma.IPL.Test.WorkOrderCreate" name="CreateWorkOrder" time="75.528">
    <failure type="java.lang.NullPointerException" message="Cannot invoke &amp;quot;com.aventstack.extentreports.ExtentTest.log(com.aventstack.extentreports.Status, String)&amp;quot; because the return value of &amp;quot;java.lang.ThreadLocal.get()&amp;quot; is null">
      <![CDATA[java.lang.NullPointerException: Cannot invoke "com.aventstack.extentreports.ExtentTest.log(com.aventstack.extentreports.Status, String)" because the return value of "java.lang.ThreadLocal.get()" is null
at Avigma.IPL.TestComponents.Listeners.onTestSuccess(Listeners.java:28)
at java.base/java.util.ArrayList.forEach(ArrayList.java:1511)
... Removed 24 stack frames]]>
    </failure>
  </testcase> <!-- CreateWorkOrder -->
</testsuite> <!-- Test3 -->
