<?xml version="1.0" encoding="UTF-8"?>
<!-- Generated by org.testng.reporters.JUnitXMLReporter -->
<testsuite ignored="2" hostname="DESKTOP-F4FS68I" failures="1" tests="3" name="Test" time="48.326" errors="0" timestamp="2024-05-05T22:07:49 IST">
  <testcase classname="Avigma.IPL.Test.WorkOrderCreate" name="CreateWorkOrder" time="30.262"/>
  <testcase classname="Avigma.IPL.Test.WorkOrderCreate" name="OfficeResultBidAddTasks" time="17.395"/>
  <testcase classname="Avigma.IPL.Test.TaskTests" name="FilterWorkOrder" time="0.005">
    <failure type="java.lang.NullPointerException" message="Cannot invoke &amp;quot;org.openqa.selenium.WebDriver.findElements(org.openqa.selenium.By)&amp;quot; because &amp;quot;driver&amp;quot; is null">
      <![CDATA[java.lang.NullPointerException: Cannot invoke "org.openqa.selenium.WebDriver.findElements(org.openqa.selenium.By)" because "driver" is null
at org.openqa.selenium.support.ui.ExpectedConditions$8.apply(ExpectedConditions.java:221)
at org.openqa.selenium.support.ui.ExpectedConditions$8.apply(ExpectedConditions.java:218)
at org.openqa.selenium.support.ui.FluentWait.until(FluentWait.java:203)
at Avigma.IPL.AbstractComponents.AbstractComponent.VisibilityOfElement(AbstractComponent.java:70)
at Avigma.IPL.Test.TaskTests.FilterWorkOrder(TaskTests.java:36)
at java.base/java.util.ArrayList.forEach(ArrayList.java:1511)
... Removed 27 stack frames]]>
    </failure>
  </testcase> <!-- FilterWorkOrder -->
  <testcase classname="Avigma.IPL.TestComponents.BaseTest" name="@BeforeTest setUp" time="0.0">
    <ignored/>
  </testcase> <!-- @BeforeTest setUp -->
  <testcase classname="Avigma.IPL.TestComponents.BaseTest" name="@BeforeTest setUp" time="0.0">
    <ignored/>
  </testcase> <!-- @BeforeTest setUp -->
</testsuite> <!-- Test -->
