<?xml version="1.0" encoding="UTF-8"?>
<testng-results ignored="0" total="2" passed="2" failed="0" skipped="0">
  <reporter-output>
  </reporter-output>
  <suite started-at="2024-05-18T19:07:27 IST" name="Default suite" finished-at="2024-05-18T19:09:41 IST" duration-ms="133204">
    <groups>
    </groups>
    <test started-at="2024-05-18T19:07:27 IST" name="Default test" finished-at="2024-05-18T19:09:41 IST" duration-ms="133204">
      <class name="Avigma.IPL.Test.WorkOrderCreate">
        <test-method is-config="true" signature="setUp()[pri:0, instance:Avigma.IPL.Test.WorkOrderCreate@4803b726]" started-at="2024-05-18T19:07:27 IST" name="setUp" finished-at="2024-05-18T19:07:28 IST" duration-ms="821" status="PASS">
          <reporter-output>
          </reporter-output>
        </test-method> <!-- setUp -->
        <test-method signature="CreateWorkOrder()[pri:0, instance:Avigma.IPL.Test.WorkOrderCreate@4803b726]" started-at="2024-05-18T19:07:28 IST" name="CreateWorkOrder" finished-at="2024-05-18T19:08:35 IST" duration-ms="66995" status="PASS">
          <reporter-output>
          </reporter-output>
        </test-method> <!-- CreateWorkOrder -->
        <test-method signature="OfficeResultBidAddTasks()[pri:0, instance:Avigma.IPL.Test.WorkOrderCreate@4803b726]" started-at="2024-05-18T19:08:35 IST" name="OfficeResultBidAddTasks" finished-at="2024-05-18T19:09:41 IST" duration-ms="65300" status="PASS">
          <reporter-output>
          </reporter-output>
        </test-method> <!-- OfficeResultBidAddTasks -->
      </class> <!-- Avigma.IPL.Test.WorkOrderCreate -->
    </test> <!-- Default test -->
  </suite> <!-- Default suite -->
</testng-results>
